<?xml version="1.0" encoding="UTF-8"?>
<!-- Generated by org.testng.reporters.JUnitXMLReporter -->
<testsuite ignored="0" hostname="DESKTOP-97VVJJ8" failures="0" tests="3" name="Default test" time="13.271" errors="0" timestamp="2023-10-26T12:54:22 IST">
  <testcase classname="Flipkart_Automate.Flip_Auto" name="setupFlip" time="4.192"/>
  <testcase classname="Flipkart_Automate.Flip_Auto" name="login" time="0.276"/>
  <testcase classname="Flipkart_Automate.Flip_Auto" name="CreateNewTeam" time="8.755"/>
</testsuite> <!-- Default test -->
