<?xml version="1.0" encoding="UTF-8"?>
<testng-results ignored="0" total="3" passed="3" failed="0" skipped="0">
  <reporter-output>
  </reporter-output>
  <suite started-at="2023-10-26T12:54:09 IST" name="Default suite" finished-at="2023-10-26T12:54:22 IST" duration-ms="13271">
    <groups>
    </groups>
    <test started-at="2023-10-26T12:54:09 IST" name="Default test" finished-at="2023-10-26T12:54:22 IST" duration-ms="13271">
      <class name="Flipkart_Automate.Flip_Auto">
        <test-method signature="setupFlip()[pri:0, instance:Flipkart_Automate.Flip_Auto@71238fc2]" started-at="2023-10-26T12:54:09 IST" name="setupFlip" finished-at="2023-10-26T12:54:13 IST" duration-ms="4192" status="PASS">
          <reporter-output>
          </reporter-output>
        </test-method> <!-- setupFlip -->
        <test-method signature="login()[pri:1, instance:Flipkart_Automate.Flip_Auto@71238fc2]" started-at="2023-10-26T12:54:13 IST" name="login" finished-at="2023-10-26T12:54:13 IST" duration-ms="276" status="PASS">
          <reporter-output>
          </reporter-output>
        </test-method> <!-- login -->
        <test-method signature="CreateNewTeam()[pri:2, instance:Flipkart_Automate.Flip_Auto@71238fc2]" started-at="2023-10-26T12:54:13 IST" name="CreateNewTeam" finished-at="2023-10-26T12:54:22 IST" duration-ms="8755" status="PASS">
          <reporter-output>
          </reporter-output>
        </test-method> <!-- CreateNewTeam -->
      </class> <!-- Flipkart_Automate.Flip_Auto -->
    </test> <!-- Default test -->
  </suite> <!-- Default suite -->
</testng-results>
