<?xml version="1.0" encoding="UTF-8"?>
<testng-results ignored="0" total="1" passed="1" failed="0" skipped="0">
  <reporter-output>
  </reporter-output>
  <suite started-at="2023-07-19T10:58:54 IST" name="Default suite" finished-at="2023-07-19T10:58:58 IST" duration-ms="4224">
    <groups>
    </groups>
    <test started-at="2023-07-19T10:58:54 IST" name="Default test" finished-at="2023-07-19T10:58:58 IST" duration-ms="4224">
      <class name="com.demoPageObject.testMta">
        <test-method signature="set()[pri:0, instance:com.demoPageObject.testMta@3e11f9e9]" started-at="2023-07-19T10:58:54 IST" name="set" finished-at="2023-07-19T10:58:58 IST" duration-ms="4151" status="PASS">
          <reporter-output>
          </reporter-output>
        </test-method> <!-- set -->
      </class> <!-- com.demoPageObject.testMta -->
    </test> <!-- Default test -->
  </suite> <!-- Default suite -->
</testng-results>
