<?xml version="1.0" encoding="UTF-8"?>
<!-- Generated by org.testng.reporters.JUnitXMLReporter -->
<testsuite ignored="0" hostname="DESKTOP-97VVJJ8" failures="0" tests="3" name="Test" time="10.355" errors="0" timestamp="2023-07-05T15:21:01 IST">
  <testcase classname="PlayGroup_Automate.PlayTest" name="verifyTitle" time="0.02"/>
  <testcase classname="PlayGroup_Automate.PlayTest" name="verifyValidLogin" time="0.255"/>
  <testcase classname="PlayGroup_Automate.PlayTest" name="validateDashBoard" time="6.988"/>
</testsuite> <!-- Test -->
