<?xml version="1.0" encoding="UTF-8"?>
<testng-results ignored="0" total="1" passed="1" failed="0" skipped="0">
  <reporter-output>
  </reporter-output>
  <suite started-at="2023-10-16T16:21:28 IST" name="Default suite" finished-at="2023-10-16T16:21:32 IST" duration-ms="3802">
    <groups>
    </groups>
    <test started-at="2023-10-16T16:21:28 IST" name="Default test" finished-at="2023-10-16T16:21:32 IST" duration-ms="3802">
      <class name="ExtentReportTypes.ReportExet">
        <test-method is-config="true" signature="setfile()[pri:0, instance:ExtentReportTypes.ReportExet@18df8434]" started-at="2023-10-16T16:21:28 IST" name="setfile" finished-at="2023-10-16T16:21:28 IST" duration-ms="257" status="PASS">
          <reporter-output>
          </reporter-output>
        </test-method> <!-- setfile -->
        <test-method signature="setup()[pri:0, instance:ExtentReportTypes.ReportExet@18df8434]" started-at="2023-10-16T16:21:28 IST" name="setup" finished-at="2023-10-16T16:21:32 IST" duration-ms="3485" status="PASS">
          <reporter-output>
          </reporter-output>
        </test-method> <!-- setup -->
      </class> <!-- ExtentReportTypes.ReportExet -->
    </test> <!-- Default test -->
  </suite> <!-- Default suite -->
</testng-results>
