<?xml version="1.0" encoding="UTF-8"?>
<testng-results ignored="0" total="1" passed="1" failed="0" skipped="0">
  <reporter-output>
  </reporter-output>
  <suite started-at="2023-07-12T10:37:13 IST" name="Default suite" finished-at="2023-07-12T10:37:16 IST" duration-ms="3339">
    <groups>
    </groups>
    <test started-at="2023-07-12T10:37:13 IST" name="Default test" finished-at="2023-07-12T10:37:16 IST" duration-ms="3339">
      <class name="ExtentReportTypes.ReportExet">
        <test-method is-config="true" signature="setfile()[pri:0, instance:ExtentReportTypes.ReportExet@18df8434]" started-at="2023-07-12T10:37:13 IST" name="setfile" finished-at="2023-07-12T10:37:13 IST" duration-ms="238" status="PASS">
          <reporter-output>
          </reporter-output>
        </test-method> <!-- setfile -->
        <test-method signature="set()[pri:0, instance:ExtentReportTypes.ReportExet@18df8434]" started-at="2023-07-12T10:37:13 IST" name="set" finished-at="2023-07-12T10:37:16 IST" duration-ms="3036" status="PASS">
          <reporter-output>
          </reporter-output>
        </test-method> <!-- set -->
      </class> <!-- ExtentReportTypes.ReportExet -->
    </test> <!-- Default test -->
  </suite> <!-- Default suite -->
</testng-results>
