<?xml version="1.0" encoding="UTF-8"?>
<!-- Generated by org.testng.reporters.JUnitXMLReporter -->
<testsuite ignored="0" hostname="DESKTOP-97VVJJ8" failures="0" tests="3" name="Default test" time="0.063" errors="0" timestamp="2023-10-17T11:19:59 IST">
  <testcase classname="TestNG_Basics.Batches_Testng" name="user1" time="0.009"/>
  <testcase classname="TestNG_Basics.Batches_Testng" name="user2" time="0.002"/>
  <testcase classname="TestNG_Basics.Batches_Testng" name="user3" time="0.002"/>
</testsuite> <!-- Default test -->
