<?xml version="1.0" encoding="UTF-8"?>
<testng-results ignored="0" total="2" passed="2" failed="0" skipped="0">
  <reporter-output>
  </reporter-output>
  <suite started-at="2023-09-22T11:22:10 IST" name="Default suite" finished-at="2023-09-22T11:22:30 IST" duration-ms="19652">
    <groups>
    </groups>
    <test started-at="2023-09-22T11:22:10 IST" name="Default test" finished-at="2023-09-22T11:22:30 IST" duration-ms="19652">
      <class name="testcases.testLogin">
        <test-method signature="setup()[pri:1, instance:testcases.testLogin@429bffaa]" started-at="2023-09-22T11:22:10 IST" name="setup" finished-at="2023-09-22T11:22:22 IST" duration-ms="11709" status="PASS">
          <reporter-output>
          </reporter-output>
        </test-method> <!-- setup -->
        <test-method signature="testLogin()[pri:2, instance:testcases.testLogin@429bffaa]" started-at="2023-09-22T11:22:22 IST" name="testLogin" finished-at="2023-09-22T11:22:30 IST" duration-ms="7882" status="PASS">
          <reporter-output>
          </reporter-output>
        </test-method> <!-- testLogin -->
      </class> <!-- testcases.testLogin -->
    </test> <!-- Default test -->
  </suite> <!-- Default suite -->
</testng-results>
