<?xml version="1.0" encoding="UTF-8"?>
<!-- Generated by org.testng.reporters.JUnitXMLReporter -->
<testsuite ignored="0" hostname="DESKTOP-97VVJJ8" failures="0" tests="6" name="Test" time="0.08" errors="0" timestamp="2023-10-17T11:43:44 IST">
  <testcase classname="batchesinTestNG.Batches_Testng" name="user1" time="0.009"/>
  <testcase classname="batchesinTestNG.Batches_Testng" name="user2" time="0.002"/>
  <testcase classname="batchesinTestNG.Batches_Testng" name="user3" time="0.002"/>
  <testcase classname="batchesinTestNG.singup" name="signup1" time="0.001"/>
  <testcase classname="batchesinTestNG.singup" name="signup2" time="0.003"/>
  <testcase classname="batchesinTestNG.singup" name="signup3" time="0.0"/>
</testsuite> <!-- Test -->
