<?xml version="1.0" encoding="UTF-8"?>
<testng-results ignored="0" total="1" passed="1" failed="0" skipped="0">
  <reporter-output>
  </reporter-output>
  <suite started-at="2023-08-09T13:10:47 IST" name="Default suite" finished-at="2023-08-09T13:10:56 IST" duration-ms="8907">
    <groups>
    </groups>
    <test started-at="2023-08-09T13:10:47 IST" name="Default test" finished-at="2023-08-09T13:10:56 IST" duration-ms="8907">
      <class name="com.basicTestCaseStructurePOM.mt_Basic_LoginTestcase">
        <test-method signature="mtlogin()[pri:0, instance:com.basicTestCaseStructurePOM.mt_Basic_LoginTestcase@1de5f259]" started-at="2023-08-09T13:10:47 IST" name="mtlogin" finished-at="2023-08-09T13:10:56 IST" duration-ms="8850" status="PASS">
          <reporter-output>
          </reporter-output>
        </test-method> <!-- mtlogin -->
      </class> <!-- com.basicTestCaseStructurePOM.mt_Basic_LoginTestcase -->
    </test> <!-- Default test -->
  </suite> <!-- Default suite -->
</testng-results>
